[ 20%] Built target simple_publisher
[ 40%] Built target simple_subscriber
[ 60%] Built target mix_publisher_02
[ 80%] Built target mix_publisher_01
[35m[1mConsolidate compiler generated dependencies of target mix_subscriber_01[0m
[ 90%] [32mBuilding CXX object CMakeFiles/mix_subscriber_01.dir/src/mix_subscriber_01.cpp.o[0m
[01m[K/home/qiu/rm_ws/src/pu_and_su_cpp/src/mix_subscriber_01.cpp:[m[K In member function ‘[01m[Kvoid TopicSubscribe01::mix_msg()[m[K’:
[01m[K/home/qiu/rm_ws/src/pu_and_su_cpp/src/mix_subscriber_01.cpp:47:22:[m[K [01;35m[Kwarning: [m[Kunused variable ‘[01m[Khas_msg_01[m[K’ [[01;35m[K]8;;https://gcc.gnu.org/onlinedocs/gcc/Warning-Options.html#index-Wunused-variable-Wunused-variable]8;;[m[K]
   47 |                 bool [01;35m[Khas_msg_01[m[K =false;
      |                      [01;35m[K^~~~~~~~~~[m[K
[01m[K/home/qiu/rm_ws/src/pu_and_su_cpp/src/mix_subscriber_01.cpp:48:22:[m[K [01;35m[Kwarning: [m[Kunused variable ‘[01m[Khas_msg_02[m[K’ [[01;35m[K]8;;https://gcc.gnu.org/onlinedocs/gcc/Warning-Options.html#index-Wunused-variable-Wunused-variable]8;;[m[K]
   48 |                 bool [01;35m[Khas_msg_02[m[K =false;
      |                      [01;35m[K^~~~~~~~~~[m[K
[100%] [32m[1mLinking CXX executable mix_subscriber_01[0m
[100%] Built target mix_subscriber_01
-- Install configuration: ""
-- Up-to-date: /home/qiu/rm_ws/install/pu_and_su_cpp/share/ament_index/resource_index/package_run_dependencies/pu_and_su_cpp
-- Up-to-date: /home/qiu/rm_ws/install/pu_and_su_cpp/share/ament_index/resource_index/parent_prefix_path/pu_and_su_cpp
-- Up-to-date: /home/qiu/rm_ws/install/pu_and_su_cpp/share/pu_and_su_cpp/environment/ament_prefix_path.sh
-- Up-to-date: /home/qiu/rm_ws/install/pu_and_su_cpp/share/pu_and_su_cpp/environment/ament_prefix_path.dsv
-- Up-to-date: /home/qiu/rm_ws/install/pu_and_su_cpp/share/pu_and_su_cpp/environment/path.sh
-- Up-to-date: /home/qiu/rm_ws/install/pu_and_su_cpp/share/pu_and_su_cpp/environment/path.dsv
-- Up-to-date: /home/qiu/rm_ws/install/pu_and_su_cpp/share/pu_and_su_cpp/local_setup.bash
-- Up-to-date: /home/qiu/rm_ws/install/pu_and_su_cpp/share/pu_and_su_cpp/local_setup.sh
-- Up-to-date: /home/qiu/rm_ws/install/pu_and_su_cpp/share/pu_and_su_cpp/local_setup.zsh
-- Up-to-date: /home/qiu/rm_ws/install/pu_and_su_cpp/share/pu_and_su_cpp/local_setup.dsv
-- Installing: /home/qiu/rm_ws/install/pu_and_su_cpp/share/pu_and_su_cpp/package.dsv
-- Up-to-date: /home/qiu/rm_ws/install/pu_and_su_cpp/share/ament_index/resource_index/packages/pu_and_su_cpp
-- Up-to-date: /home/qiu/rm_ws/install/pu_and_su_cpp/share/pu_and_su_cpp/cmake/pu_and_su_cppConfig.cmake
-- Up-to-date: /home/qiu/rm_ws/install/pu_and_su_cpp/share/pu_and_su_cpp/cmake/pu_and_su_cppConfig-version.cmake
-- Up-to-date: /home/qiu/rm_ws/install/pu_and_su_cpp/share/pu_and_su_cpp/package.xml
-- Up-to-date: /home/qiu/rm_ws/install/pu_and_su_cpp/lib/pu_and_su_cpp/simple_publisher
-- Up-to-date: /home/qiu/rm_ws/install/pu_and_su_cpp/lib/pu_and_su_cpp/simple_subscriber
-- Up-to-date: /home/qiu/rm_ws/install/pu_and_su_cpp/lib/pu_and_su_cpp/mix_publisher_01
-- Up-to-date: /home/qiu/rm_ws/install/pu_and_su_cpp/lib/pu_and_su_cpp/mix_publisher_02
-- Installing: /home/qiu/rm_ws/install/pu_and_su_cpp/lib/pu_and_su_cpp/mix_subscriber_01
-- Set runtime path of "/home/qiu/rm_ws/install/pu_and_su_cpp/lib/pu_and_su_cpp/mix_subscriber_01" to ""
