[0.009s] Invoking command in '/home/qiu/rm_ws/build/pu_and_su_cpp': CMAKE_PREFIX_PATH=${CMAKE_PREFIX_PATH}:/opt/ros/humble /usr/bin/cmake --build /home/qiu/rm_ws/build/pu_and_su_cpp -- -j4 -l4
[0.066s] [ 20%] Built target simple_publisher
[0.073s] [ 40%] Built target simple_subscriber
[0.073s] [ 60%] Built target mix_publisher_02
[0.075s] [ 80%] Built target mix_publisher_01
[0.077s] [35m[1mConsolidate compiler generated dependencies of target mix_subscriber_01[0m
[0.097s] [ 90%] [32mBuilding CXX object CMakeFiles/mix_subscriber_01.dir/src/mix_subscriber_01.cpp.o[0m
[1.784s] [01m[K/home/qiu/rm_ws/src/pu_and_su_cpp/src/mix_subscriber_01.cpp:[m[K In member function ‘[01m[Kvoid TopicSubscribe01::mix_msg()[m[K’:
[1.784s] [01m[K/home/qiu/rm_ws/src/pu_and_su_cpp/src/mix_subscriber_01.cpp:47:22:[m[K [01;35m[Kwarning: [m[Kunused variable ‘[01m[Khas_msg_01[m[K’ [[01;35m[K]8;;https://gcc.gnu.org/onlinedocs/gcc/Warning-Options.html#index-Wunused-variable-Wunused-variable]8;;[m[K]
[1.784s]    47 |                 bool [01;35m[Khas_msg_01[m[K =false;
[1.784s]       |                      [01;35m[K^~~~~~~~~~[m[K
[1.784s] [01m[K/home/qiu/rm_ws/src/pu_and_su_cpp/src/mix_subscriber_01.cpp:48:22:[m[K [01;35m[Kwarning: [m[Kunused variable ‘[01m[Khas_msg_02[m[K’ [[01;35m[K]8;;https://gcc.gnu.org/onlinedocs/gcc/Warning-Options.html#index-Wunused-variable-Wunused-variable]8;;[m[K]
[1.784s]    48 |                 bool [01;35m[Khas_msg_02[m[K =false;
[1.784s]       |                      [01;35m[K^~~~~~~~~~[m[K
[5.499s] [100%] [32m[1mLinking CXX executable mix_subscriber_01[0m
[5.771s] [100%] Built target mix_subscriber_01
[5.787s] Invoked command in '/home/qiu/rm_ws/build/pu_and_su_cpp' returned '0': CMAKE_PREFIX_PATH=${CMAKE_PREFIX_PATH}:/opt/ros/humble /usr/bin/cmake --build /home/qiu/rm_ws/build/pu_and_su_cpp -- -j4 -l4
[5.798s] Invoking command in '/home/qiu/rm_ws/build/pu_and_su_cpp': CMAKE_PREFIX_PATH=${CMAKE_PREFIX_PATH}:/opt/ros/humble /usr/bin/cmake --install /home/qiu/rm_ws/build/pu_and_su_cpp
[5.807s] -- Install configuration: ""
[5.807s] -- Up-to-date: /home/qiu/rm_ws/install/pu_and_su_cpp/share/ament_index/resource_index/package_run_dependencies/pu_and_su_cpp
[5.808s] -- Up-to-date: /home/qiu/rm_ws/install/pu_and_su_cpp/share/ament_index/resource_index/parent_prefix_path/pu_and_su_cpp
[5.808s] -- Up-to-date: /home/qiu/rm_ws/install/pu_and_su_cpp/share/pu_and_su_cpp/environment/ament_prefix_path.sh
[5.808s] -- Up-to-date: /home/qiu/rm_ws/install/pu_and_su_cpp/share/pu_and_su_cpp/environment/ament_prefix_path.dsv
[5.808s] -- Up-to-date: /home/qiu/rm_ws/install/pu_and_su_cpp/share/pu_and_su_cpp/environment/path.sh
[5.808s] -- Up-to-date: /home/qiu/rm_ws/install/pu_and_su_cpp/share/pu_and_su_cpp/environment/path.dsv
[5.808s] -- Up-to-date: /home/qiu/rm_ws/install/pu_and_su_cpp/share/pu_and_su_cpp/local_setup.bash
[5.808s] -- Up-to-date: /home/qiu/rm_ws/install/pu_and_su_cpp/share/pu_and_su_cpp/local_setup.sh
[5.808s] -- Up-to-date: /home/qiu/rm_ws/install/pu_and_su_cpp/share/pu_and_su_cpp/local_setup.zsh
[5.808s] -- Up-to-date: /home/qiu/rm_ws/install/pu_and_su_cpp/share/pu_and_su_cpp/local_setup.dsv
[5.808s] -- Installing: /home/qiu/rm_ws/install/pu_and_su_cpp/share/pu_and_su_cpp/package.dsv
[5.808s] -- Up-to-date: /home/qiu/rm_ws/install/pu_and_su_cpp/share/ament_index/resource_index/packages/pu_and_su_cpp
[5.809s] -- Up-to-date: /home/qiu/rm_ws/install/pu_and_su_cpp/share/pu_and_su_cpp/cmake/pu_and_su_cppConfig.cmake
[5.809s] -- Up-to-date: /home/qiu/rm_ws/install/pu_and_su_cpp/share/pu_and_su_cpp/cmake/pu_and_su_cppConfig-version.cmake
[5.809s] -- Up-to-date: /home/qiu/rm_ws/install/pu_and_su_cpp/share/pu_and_su_cpp/package.xml
[5.809s] -- Up-to-date: /home/qiu/rm_ws/install/pu_and_su_cpp/lib/pu_and_su_cpp/simple_publisher
[5.809s] -- Up-to-date: /home/qiu/rm_ws/install/pu_and_su_cpp/lib/pu_and_su_cpp/simple_subscriber
[5.811s] -- Up-to-date: /home/qiu/rm_ws/install/pu_and_su_cpp/lib/pu_and_su_cpp/mix_publisher_01
[5.811s] -- Up-to-date: /home/qiu/rm_ws/install/pu_and_su_cpp/lib/pu_and_su_cpp/mix_publisher_02
[5.811s] -- Installing: /home/qiu/rm_ws/install/pu_and_su_cpp/lib/pu_and_su_cpp/mix_subscriber_01
[5.813s] -- Set runtime path of "/home/qiu/rm_ws/install/pu_and_su_cpp/lib/pu_and_su_cpp/mix_subscriber_01" to ""
[5.815s] Invoked command in '/home/qiu/rm_ws/build/pu_and_su_cpp' returned '0': CMAKE_PREFIX_PATH=${CMAKE_PREFIX_PATH}:/opt/ros/humble /usr/bin/cmake --install /home/qiu/rm_ws/build/pu_and_su_cpp
