[0.010s] Invoking command in '/home/qiu/rm_ws/build/pu_and_su_cpp': CMAKE_PREFIX_PATH=/opt/ros/humble /usr/bin/cmake --build /home/qiu/rm_ws/build/pu_and_su_cpp -- -j4 -l4
[0.056s] [35m[1mConsolidate compiler generated dependencies of target simple_publisher[0m
[0.073s] [ 50%] [32mBuilding CXX object CMakeFiles/simple_publisher.dir/src/simple_publisher.cpp.o[0m
[3.143s] [100%] [32m[1mLinking CXX executable simple_publisher[0m
[3.290s] [100%] Built target simple_publisher
[3.301s] Invoked command in '/home/qiu/rm_ws/build/pu_and_su_cpp' returned '0': CMAKE_PREFIX_PATH=/opt/ros/humble /usr/bin/cmake --build /home/qiu/rm_ws/build/pu_and_su_cpp -- -j4 -l4
[3.311s] Invoking command in '/home/qiu/rm_ws/build/pu_and_su_cpp': CMAKE_PREFIX_PATH=/opt/ros/humble /usr/bin/cmake --install /home/qiu/rm_ws/build/pu_and_su_cpp
[3.317s] -- Install configuration: ""
[3.317s] -- Up-to-date: /home/qiu/rm_ws/install/pu_and_su_cpp/share/ament_index/resource_index/package_run_dependencies/pu_and_su_cpp
[3.317s] -- Up-to-date: /home/qiu/rm_ws/install/pu_and_su_cpp/share/ament_index/resource_index/parent_prefix_path/pu_and_su_cpp
[3.317s] -- Up-to-date: /home/qiu/rm_ws/install/pu_and_su_cpp/share/pu_and_su_cpp/environment/ament_prefix_path.sh
[3.319s] -- Up-to-date: /home/qiu/rm_ws/install/pu_and_su_cpp/share/pu_and_su_cpp/environment/ament_prefix_path.dsv
[3.319s] -- Up-to-date: /home/qiu/rm_ws/install/pu_and_su_cpp/share/pu_and_su_cpp/environment/path.sh
[3.319s] -- Up-to-date: /home/qiu/rm_ws/install/pu_and_su_cpp/share/pu_and_su_cpp/environment/path.dsv
[3.319s] -- Up-to-date: /home/qiu/rm_ws/install/pu_and_su_cpp/share/pu_and_su_cpp/local_setup.bash
[3.319s] -- Up-to-date: /home/qiu/rm_ws/install/pu_and_su_cpp/share/pu_and_su_cpp/local_setup.sh
[3.319s] -- Up-to-date: /home/qiu/rm_ws/install/pu_and_su_cpp/share/pu_and_su_cpp/local_setup.zsh
[3.319s] -- Up-to-date: /home/qiu/rm_ws/install/pu_and_su_cpp/share/pu_and_su_cpp/local_setup.dsv
[3.319s] -- Installing: /home/qiu/rm_ws/install/pu_and_su_cpp/share/pu_and_su_cpp/package.dsv
[3.319s] -- Up-to-date: /home/qiu/rm_ws/install/pu_and_su_cpp/share/ament_index/resource_index/packages/pu_and_su_cpp
[3.319s] -- Up-to-date: /home/qiu/rm_ws/install/pu_and_su_cpp/share/pu_and_su_cpp/cmake/pu_and_su_cppConfig.cmake
[3.319s] -- Up-to-date: /home/qiu/rm_ws/install/pu_and_su_cpp/share/pu_and_su_cpp/cmake/pu_and_su_cppConfig-version.cmake
[3.319s] -- Up-to-date: /home/qiu/rm_ws/install/pu_and_su_cpp/share/pu_and_su_cpp/package.xml
[3.319s] -- Installing: /home/qiu/rm_ws/install/pu_and_su_cpp/lib/pu_and_su_cpp/simple_publisher
[3.319s] -- Set runtime path of "/home/qiu/rm_ws/install/pu_and_su_cpp/lib/pu_and_su_cpp/simple_publisher" to ""
[3.321s] Invoked command in '/home/qiu/rm_ws/build/pu_and_su_cpp' returned '0': CMAKE_PREFIX_PATH=/opt/ros/humble /usr/bin/cmake --install /home/qiu/rm_ws/build/pu_and_su_cpp
