[0.009s] Invoking command in '/home/qiu/rm_ws/build/pu_and_su_cpp': CMAKE_PREFIX_PATH=${CMAKE_PREFIX_PATH}:/opt/ros/humble /usr/bin/cmake --build /home/qiu/rm_ws/build/pu_and_su_cpp -- -j4 -l4
[0.061s] [ 20%] Built target simple_publisher
[0.063s] [ 40%] Built target mix_publisher_01
[0.064s] [ 60%] Built target simple_subscriber
[0.068s] [ 80%] Built target mix_publisher_02
[0.072s] [35m[1mConsolidate compiler generated dependencies of target mix_subscriber_01[0m
[0.092s] [ 90%] [32mBuilding CXX object CMakeFiles/mix_subscriber_01.dir/src/mix_subscriber_01.cpp.o[0m
[1.597s] [01m[K/home/qiu/rm_ws/src/pu_and_su_cpp/src/mix_subscriber_01.cpp:23:64:[m[K [01;31m[Kerror: [m[Kexpected ‘[01m[K;[m[K’ at end of member declaration
[1.598s]    23 |         rclcpp::Subscription<std_msgs::msg::String>::SharedPtr [01;31m[Kcommand_sbuscribe_02[m[K
[1.598s]       |                                                                [01;31m[K^~~~~~~~~~~~~~~~~~~~[m[K
[1.598s]       |                                                                                    [32m[K;[m[K
[1.607s] [01m[K/home/qiu/rm_ws/src/pu_and_su_cpp/src/mix_subscriber_01.cpp:[m[K In constructor ‘[01m[KTopicSubscribe01::TopicSubscribe01(std::string)[m[K’:
[1.607s] [01m[K/home/qiu/rm_ws/src/pu_and_su_cpp/src/mix_subscriber_01.cpp:12:9:[m[K [01;31m[Kerror: [m[K‘[01m[Kcommand_subscribe_02[m[K’ was not declared in this scope; did you mean ‘[01m[Kcommand_subscribe_01[m[K’?
[1.607s]    12 |         [01;31m[Kcommand_subscribe_02[m[K = this->create_subscription<std_msgs::msg::String>("/number",10,std::bind(&TopicSubscribe01::command_callback_02,this,std::placeholders::_1));
[1.607s]       |         [01;31m[K^~~~~~~~~~~~~~~~~~~~[m[K
[1.607s]       |         [32m[Kcommand_subscribe_01[m[K
[3.085s] gmake[2]: *** [CMakeFiles/mix_subscriber_01.dir/build.make:76：CMakeFiles/mix_subscriber_01.dir/src/mix_subscriber_01.cpp.o] 错误 1
[3.085s] gmake[1]: *** [CMakeFiles/Makefile2:249：CMakeFiles/mix_subscriber_01.dir/all] 错误 2
[3.085s] gmake: *** [Makefile:146：all] 错误 2
[3.088s] Invoked command in '/home/qiu/rm_ws/build/pu_and_su_cpp' returned '2': CMAKE_PREFIX_PATH=${CMAKE_PREFIX_PATH}:/opt/ros/humble /usr/bin/cmake --build /home/qiu/rm_ws/build/pu_and_su_cpp -- -j4 -l4
