[35m[1mConsolidate compiler generated dependencies of target simple_publisher[0m
[ 50%] [32mBuilding CXX object CMakeFiles/simple_publisher.dir/src/simple_publisher.cpp.o[0m
In file included from [01m[K/opt/ros/humble/include/rclcpp/rclcpp/logging.hpp:24[m[K,
                 from [01m[K/opt/ros/humble/include/rclcpp/rclcpp/client.hpp:40[m[K,
                 from [01m[K/opt/ros/humble/include/rclcpp/rclcpp/callback_group.hpp:24[m[K,
                 from [01m[K/opt/ros/humble/include/rclcpp/rclcpp/any_executable.hpp:20[m[K,
                 from [01m[K/opt/ros/humble/include/rclcpp/rclcpp/memory_strategy.hpp:25[m[K,
                 from [01m[K/opt/ros/humble/include/rclcpp/rclcpp/memory_strategies.hpp:18[m[K,
                 from [01m[K/opt/ros/humble/include/rclcpp/rclcpp/executor_options.hpp:20[m[K,
                 from [01m[K/opt/ros/humble/include/rclcpp/rclcpp/executor.hpp:37[m[K,
                 from [01m[K/opt/ros/humble/include/rclcpp/rclcpp/executors/multi_threaded_executor.hpp:25[m[K,
                 from [01m[K/opt/ros/humble/include/rclcpp/rclcpp/executors.hpp:21[m[K,
                 from [01m[K/opt/ros/humble/include/rclcpp/rclcpp/rclcpp.hpp:155[m[K,
                 from [01m[K/home/qiu/rm_ws/src/pu_and_su_cpp/src/simple_publisher.cpp:1[m[K:
[01m[K/home/qiu/rm_ws/src/pu_and_su_cpp/src/simple_publisher.cpp:[m[K In member function ‘[01m[Kvoid SimplePublisher::timer_callback()[m[K’:
[01m[K/home/qiu/rm_ws/src/pu_and_su_cpp/src/simple_publisher.cpp:23:49:[m[K [01;31m[Kerror: [m[K‘[01m[Kusing String = struct std_msgs::msg::String_<std::allocator<void> >[m[K’ {aka ‘[01m[Kstruct std_msgs::msg::String_<std::allocator<void> >[m[K’} has no member named ‘[01m[Kc_str[m[K’
   23 |         RCLCPP_INFO(this->get_logger(),"%s",msg.[01;31m[Kc_str[m[K());
      |                                                 [01;31m[K^~~~~[m[K
gmake[2]: *** [CMakeFiles/simple_publisher.dir/build.make:76：CMakeFiles/simple_publisher.dir/src/simple_publisher.cpp.o] 错误 1
gmake[1]: *** [CMakeFiles/Makefile2:137：CMakeFiles/simple_publisher.dir/all] 错误 2
gmake: *** [Makefile:146：all] 错误 2
