[0.010s] Invoking command in '/home/qiu/rm_ws/build/pu_and_su_cpp': CMAKE_PREFIX_PATH=${CMAKE_PREFIX_PATH}:/opt/ros/humble /usr/bin/cmake --build /home/qiu/rm_ws/build/pu_and_su_cpp -- -j4 -l4
[0.035s] -- Found ament_cmake: 1.3.12 (/opt/ros/humble/share/ament_cmake/cmake)
[0.137s] -- Found rclcpp: 16.0.15 (/opt/ros/humble/share/rclcpp/cmake)
[0.155s] -- Found rosidl_generator_c: 3.1.7 (/opt/ros/humble/share/rosidl_generator_c/cmake)
[0.156s] -- Found rosidl_adapter: 3.1.7 (/opt/ros/humble/share/rosidl_adapter/cmake)
[0.160s] -- Found rosidl_generator_cpp: 3.1.7 (/opt/ros/humble/share/rosidl_generator_cpp/cmake)
[0.167s] -- Using all available rosidl_typesupport_c: rosidl_typesupport_fastrtps_c;rosidl_typesupport_introspection_c
[0.176s] -- Using all available rosidl_typesupport_cpp: rosidl_typesupport_fastrtps_cpp;rosidl_typesupport_introspection_cpp
[0.199s] -- Found rmw_implementation_cmake: 6.1.2 (/opt/ros/humble/share/rmw_implementation_cmake/cmake)
[0.200s] -- Found rmw_fastrtps_cpp: 6.2.8 (/opt/ros/humble/share/rmw_fastrtps_cpp/cmake)
[0.272s] -- Using RMW implementation 'rmw_fastrtps_cpp' as default
[0.304s] -- Found ament_lint_auto: 0.12.14 (/opt/ros/humble/share/ament_lint_auto/cmake)
[0.355s] -- Added test 'cppcheck' to perform static code analysis on C / C++ code
[0.355s] -- Configured cppcheck include dirs: 
[0.355s] -- Configured cppcheck exclude dirs and/or files: 
[0.356s] -- Added test 'lint_cmake' to check CMake code style
[0.356s] -- Added test 'uncrustify' to check C / C++ code style
[0.356s] -- Configured uncrustify additional arguments: 
[0.357s] -- Added test 'xmllint' to check XML markup files
[0.359s] -- Configuring done
[0.367s] -- Generating done
[0.370s] -- Build files have been written to: /home/qiu/rm_ws/build/pu_and_su_cpp
[0.391s] [35m[1mConsolidate compiler generated dependencies of target simple_publisher[0m
[0.398s] [ 25%] [32mBuilding CXX object CMakeFiles/simple_subscriber.dir/src/simple_subscriber.cpp.o[0m
[0.405s] [ 75%] Built target simple_publisher
[0.572s] [01m[K/home/qiu/rm_ws/src/pu_and_su_cpp/src/simple_subscriber.cpp:2:9:[m[K [01;31m[Kfatal error: [m[Kstd_msgs::msg::string.hpp: 没有那个文件或目录
[0.573s]     2 | #include[01;31m[K"std_msgs::msg::string.hpp"[m[K
[0.573s]       |         [01;31m[K^~~~~~~~~~~~~~~~~~~~~~~~~~~[m[K
[0.573s] compilation terminated.
[0.574s] gmake[2]: *** [CMakeFiles/simple_subscriber.dir/build.make:76：CMakeFiles/simple_subscriber.dir/src/simple_subscriber.cpp.o] 错误 1
[0.574s] gmake[1]: *** [CMakeFiles/Makefile2:165：CMakeFiles/simple_subscriber.dir/all] 错误 2
[0.574s] gmake: *** [Makefile:146：all] 错误 2
[0.577s] Invoked command in '/home/qiu/rm_ws/build/pu_and_su_cpp' returned '2': CMAKE_PREFIX_PATH=${CMAKE_PREFIX_PATH}:/opt/ros/humble /usr/bin/cmake --build /home/qiu/rm_ws/build/pu_and_su_cpp -- -j4 -l4
