[01m[K/home/qiu/rm_ws/src/pu_and_su_cpp/src/mix_subscriber_01.cpp:[m[K In constructor ‘[01m[KTopicSubscribe01::TopicSubscribe01(std::string)[m[K’:
[01m[K/home/qiu/rm_ws/src/pu_and_su_cpp/src/mix_subscriber_01.cpp:11:9:[m[K [01;31m[Kerror: [m[K‘[01m[Kcommand_subscribe_01[m[K’ was not declared in this scope; did you mean ‘[01m[Kcommand_subscribe_[m[K’?
   11 |         [01;31m[Kcommand_subscribe_01[m[K = this->create_subscription<std_msgs::msg::String>("/greet",10,std::bind(&TopicSubscribe01::command_callback_01,this,std::placeholders::_1));
      |         [01;31m[K^~~~~~~~~~~~~~~~~~~~[m[K
      |         [32m[Kcommand_subscribe_[m[K
[01m[K/home/qiu/rm_ws/src/pu_and_su_cpp/src/mix_subscriber_01.cpp:[m[K In member function ‘[01m[Kvoid TopicSubscribe01::command_callback_01(std_msgs::msg::String_<std::allocator<void> >::SharedPtr)[m[K’:
[01m[K/home/qiu/rm_ws/src/pu_and_su_cpp/src/mix_subscriber_01.cpp:26:13:[m[K [01;31m[Kerror: [m[K‘[01m[Kmsg_01[m[K’ was not declared in this scope; did you mean ‘[01m[Kmsg_1[m[K’?
   26 |             [01;31m[Kmsg_01[m[K =msg->data;
      |             [01;31m[K^~~~~~[m[K
      |             [32m[Kmsg_1[m[K
[01m[K/home/qiu/rm_ws/src/pu_and_su_cpp/src/mix_subscriber_01.cpp:[m[K In member function ‘[01m[Kvoid TopicSubscribe01::command_callback_02(std_msgs::msg::String_<std::allocator<void> >::SharedPtr)[m[K’:
[01m[K/home/qiu/rm_ws/src/pu_and_su_cpp/src/mix_subscriber_01.cpp:33:13:[m[K [01;31m[Kerror: [m[K‘[01m[Kmsg_02[m[K’ was not declared in this scope; did you mean ‘[01m[Kmsg_2[m[K’?
   33 |             [01;31m[Kmsg_02[m[K =msg->data;
      |             [01;31m[K^~~~~~[m[K
      |             [32m[Kmsg_2[m[K
In file included from [01m[K/opt/ros/humble/include/rclcpp/rclcpp/logging.hpp:24[m[K,
                 from [01m[K/opt/ros/humble/include/rclcpp/rclcpp/client.hpp:40[m[K,
                 from [01m[K/opt/ros/humble/include/rclcpp/rclcpp/callback_group.hpp:24[m[K,
                 from [01m[K/opt/ros/humble/include/rclcpp/rclcpp/any_executable.hpp:20[m[K,
                 from [01m[K/opt/ros/humble/include/rclcpp/rclcpp/memory_strategy.hpp:25[m[K,
                 from [01m[K/opt/ros/humble/include/rclcpp/rclcpp/memory_strategies.hpp:18[m[K,
                 from [01m[K/opt/ros/humble/include/rclcpp/rclcpp/executor_options.hpp:20[m[K,
                 from [01m[K/opt/ros/humble/include/rclcpp/rclcpp/executor.hpp:37[m[K,
                 from [01m[K/opt/ros/humble/include/rclcpp/rclcpp/executors/multi_threaded_executor.hpp:25[m[K,
                 from [01m[K/opt/ros/humble/include/rclcpp/rclcpp/executors.hpp:21[m[K,
                 from [01m[K/opt/ros/humble/include/rclcpp/rclcpp/rclcpp.hpp:155[m[K,
                 from [01m[K/home/qiu/rm_ws/src/pu_and_su_cpp/src/mix_subscriber_01.cpp:1[m[K:
[01m[K/home/qiu/rm_ws/src/pu_and_su_cpp/src/mix_subscriber_01.cpp:[m[K In member function ‘[01m[Kvoid TopicSubscribe01::mix_msg()[m[K’:
[01m[K/home/qiu/rm_ws/src/pu_and_su_cpp/src/mix_subscriber_01.cpp:43:48:[m[K [01;35m[Kwarning: [m[Kformat ‘[01m[K%s[m[K’ expects argument of type ‘[01m[Kchar*[m[K’, but argument 5 has type ‘[01m[Kstd::string[m[K’ {aka ‘[01m[Kstd::__cxx11::basic_string<char>[m[K’} [[01;35m[K]8;;https://gcc.gnu.org/onlinedocs/gcc/Warning-Options.html#index-Wformat=-Wformat=]8;;[m[K]
   43 |                 RCLCPP_INFO(this->get_logger(),[01;35m[K"mixed:%s"[m[K,mix);
      |                                                [01;35m[K^~~~~~~~~~[m[K
[01m[K/home/qiu/rm_ws/src/pu_and_su_cpp/src/mix_subscriber_01.cpp:43:56:[m[K [01;36m[Knote: [m[Kformat string is defined here
   43 |                 RCLCPP_INFO(this->get_logger(),"mixed:[01;36m[K%s[m[K",mix);
      |                                                       [01;36m[K~^[m[K
      |                                                        [01;36m[K|[m[K
      |                                                        [01;36m[Kchar*[m[K
gmake[2]: *** [CMakeFiles/mix_subscriber_01.dir/build.make:76：CMakeFiles/mix_subscriber_01.dir/src/mix_subscriber_01.cpp.o] 错误 1
gmake[1]: *** [CMakeFiles/Makefile2:249：CMakeFiles/mix_subscriber_01.dir/all] 错误 2
gmake[1]: *** 正在等待未完成的任务....
gmake: *** [Makefile:146：all] 错误 2
