[0.011s] Invoking command in '/home/qiu/rm_ws/build/pu_and_su_cpp': CMAKE_PREFIX_PATH=${CMAKE_PREFIX_PATH}:/opt/ros/humble /usr/bin/cmake --build /home/qiu/rm_ws/build/pu_and_su_cpp -- -j4 -l4
[0.033s] -- Found ament_cmake: 1.3.12 (/opt/ros/humble/share/ament_cmake/cmake)
[0.134s] -- Found rclcpp: 16.0.15 (/opt/ros/humble/share/rclcpp/cmake)
[0.159s] -- Found rosidl_generator_c: 3.1.7 (/opt/ros/humble/share/rosidl_generator_c/cmake)
[0.159s] -- Found rosidl_adapter: 3.1.7 (/opt/ros/humble/share/rosidl_adapter/cmake)
[0.163s] -- Found rosidl_generator_cpp: 3.1.7 (/opt/ros/humble/share/rosidl_generator_cpp/cmake)
[0.170s] -- Using all available rosidl_typesupport_c: rosidl_typesupport_fastrtps_c;rosidl_typesupport_introspection_c
[0.180s] -- Using all available rosidl_typesupport_cpp: rosidl_typesupport_fastrtps_cpp;rosidl_typesupport_introspection_cpp
[0.204s] -- Found rmw_implementation_cmake: 6.1.2 (/opt/ros/humble/share/rmw_implementation_cmake/cmake)
[0.205s] -- Found rmw_fastrtps_cpp: 6.2.8 (/opt/ros/humble/share/rmw_fastrtps_cpp/cmake)
[0.274s] -- Using RMW implementation 'rmw_fastrtps_cpp' as default
[0.306s] -- Found ament_lint_auto: 0.12.14 (/opt/ros/humble/share/ament_lint_auto/cmake)
[0.365s] -- Added test 'cppcheck' to perform static code analysis on C / C++ code
[0.365s] -- Configured cppcheck include dirs: 
[0.365s] -- Configured cppcheck exclude dirs and/or files: 
[0.365s] -- Added test 'lint_cmake' to check CMake code style
[0.366s] -- Added test 'uncrustify' to check C / C++ code style
[0.366s] -- Configured uncrustify additional arguments: 
[0.366s] -- Added test 'xmllint' to check XML markup files
[0.368s] -- Configuring done
[0.383s] -- Generating done
[0.389s] -- Build files have been written to: /home/qiu/rm_ws/build/pu_and_su_cpp
[0.414s] [35m[1mConsolidate compiler generated dependencies of target simple_publisher[0m
[0.418s] [35m[1mConsolidate compiler generated dependencies of target simple_subscriber[0m
[0.422s] [ 10%] [32mBuilding CXX object CMakeFiles/mix_publisher_01.dir/src/mix_publisher_01.cpp.o[0m
[0.439s] [ 20%] [32mBuilding CXX object CMakeFiles/mix_publisher_02.dir/src/mix_publisher_02.cpp.o[0m
[0.441s] [ 30%] [32mBuilding CXX object CMakeFiles/simple_publisher.dir/src/simple_publisher.cpp.o[0m
[0.448s] [ 50%] Built target simple_subscriber
[0.489s] [ 60%] [32mBuilding CXX object CMakeFiles/mix_subscriber_01.dir/src/mix_subscriber_01.cpp.o[0m
[4.132s] [01m[K/home/qiu/rm_ws/src/pu_and_su_cpp/src/mix_subscriber_01.cpp:[m[K In constructor ‘[01m[KTopicSubscribe01::TopicSubscribe01(std::string)[m[K’:
[4.132s] [01m[K/home/qiu/rm_ws/src/pu_and_su_cpp/src/mix_subscriber_01.cpp:11:9:[m[K [01;31m[Kerror: [m[K‘[01m[Kcommand_subscribe_01[m[K’ was not declared in this scope; did you mean ‘[01m[Kcommand_subscribe_[m[K’?
[4.132s]    11 |         [01;31m[Kcommand_subscribe_01[m[K = this->create_subscription<std_msgs::msg::String>("/greet",10,std::bind(&TopicSubscribe01::command_callback_01,this,std::placeholders::_1));
[4.132s]       |         [01;31m[K^~~~~~~~~~~~~~~~~~~~[m[K
[4.132s]       |         [32m[Kcommand_subscribe_[m[K
[4.157s] [01m[K/home/qiu/rm_ws/src/pu_and_su_cpp/src/mix_subscriber_01.cpp:[m[K In member function ‘[01m[Kvoid TopicSubscribe01::command_callback_01(std_msgs::msg::String_<std::allocator<void> >::SharedPtr)[m[K’:
[4.157s] [01m[K/home/qiu/rm_ws/src/pu_and_su_cpp/src/mix_subscriber_01.cpp:26:13:[m[K [01;31m[Kerror: [m[K‘[01m[Kmsg_01[m[K’ was not declared in this scope; did you mean ‘[01m[Kmsg_1[m[K’?
[4.157s]    26 |             [01;31m[Kmsg_01[m[K =msg->data;
[4.157s]       |             [01;31m[K^~~~~~[m[K
[4.157s]       |             [32m[Kmsg_1[m[K
[4.167s] [01m[K/home/qiu/rm_ws/src/pu_and_su_cpp/src/mix_subscriber_01.cpp:[m[K In member function ‘[01m[Kvoid TopicSubscribe01::command_callback_02(std_msgs::msg::String_<std::allocator<void> >::SharedPtr)[m[K’:
[4.167s] [01m[K/home/qiu/rm_ws/src/pu_and_su_cpp/src/mix_subscriber_01.cpp:33:13:[m[K [01;31m[Kerror: [m[K‘[01m[Kmsg_02[m[K’ was not declared in this scope; did you mean ‘[01m[Kmsg_2[m[K’?
[4.168s]    33 |             [01;31m[Kmsg_02[m[K =msg->data;
[4.168s]       |             [01;31m[K^~~~~~[m[K
[4.168s]       |             [32m[Kmsg_2[m[K
[4.178s] In file included from [01m[K/opt/ros/humble/include/rclcpp/rclcpp/logging.hpp:24[m[K,
[4.179s]                  from [01m[K/opt/ros/humble/include/rclcpp/rclcpp/client.hpp:40[m[K,
[4.179s]                  from [01m[K/opt/ros/humble/include/rclcpp/rclcpp/callback_group.hpp:24[m[K,
[4.179s]                  from [01m[K/opt/ros/humble/include/rclcpp/rclcpp/any_executable.hpp:20[m[K,
[4.179s]                  from [01m[K/opt/ros/humble/include/rclcpp/rclcpp/memory_strategy.hpp:25[m[K,
[4.179s]                  from [01m[K/opt/ros/humble/include/rclcpp/rclcpp/memory_strategies.hpp:18[m[K,
[4.179s]                  from [01m[K/opt/ros/humble/include/rclcpp/rclcpp/executor_options.hpp:20[m[K,
[4.179s]                  from [01m[K/opt/ros/humble/include/rclcpp/rclcpp/executor.hpp:37[m[K,
[4.179s]                  from [01m[K/opt/ros/humble/include/rclcpp/rclcpp/executors/multi_threaded_executor.hpp:25[m[K,
[4.179s]                  from [01m[K/opt/ros/humble/include/rclcpp/rclcpp/executors.hpp:21[m[K,
[4.179s]                  from [01m[K/opt/ros/humble/include/rclcpp/rclcpp/rclcpp.hpp:155[m[K,
[4.179s]                  from [01m[K/home/qiu/rm_ws/src/pu_and_su_cpp/src/mix_subscriber_01.cpp:1[m[K:
[4.179s] [01m[K/home/qiu/rm_ws/src/pu_and_su_cpp/src/mix_subscriber_01.cpp:[m[K In member function ‘[01m[Kvoid TopicSubscribe01::mix_msg()[m[K’:
[4.179s] [01m[K/home/qiu/rm_ws/src/pu_and_su_cpp/src/mix_subscriber_01.cpp:43:48:[m[K [01;35m[Kwarning: [m[Kformat ‘[01m[K%s[m[K’ expects argument of type ‘[01m[Kchar*[m[K’, but argument 5 has type ‘[01m[Kstd::string[m[K’ {aka ‘[01m[Kstd::__cxx11::basic_string<char>[m[K’} [[01;35m[K]8;;https://gcc.gnu.org/onlinedocs/gcc/Warning-Options.html#index-Wformat=-Wformat=]8;;[m[K]
[4.180s]    43 |                 RCLCPP_INFO(this->get_logger(),[01;35m[K"mixed:%s"[m[K,mix);
[4.181s]       |                                                [01;35m[K^~~~~~~~~~[m[K
[4.181s] [01m[K/home/qiu/rm_ws/src/pu_and_su_cpp/src/mix_subscriber_01.cpp:43:56:[m[K [01;36m[Knote: [m[Kformat string is defined here
[4.181s]    43 |                 RCLCPP_INFO(this->get_logger(),"mixed:[01;36m[K%s[m[K",mix);
[4.181s]       |                                                       [01;36m[K~^[m[K
[4.181s]       |                                                        [01;36m[K|[m[K
[4.181s]       |                                                        [01;36m[Kchar*[m[K
[6.769s] [ 70%] [32m[1mLinking CXX executable simple_publisher[0m
[6.821s] [ 80%] [32m[1mLinking CXX executable mix_publisher_02[0m
[6.958s] [ 90%] [32m[1mLinking CXX executable mix_publisher_01[0m
[7.041s] [ 90%] Built target simple_publisher
[7.043s] [ 90%] Built target mix_publisher_02
[7.075s] gmake[2]: *** [CMakeFiles/mix_subscriber_01.dir/build.make:76：CMakeFiles/mix_subscriber_01.dir/src/mix_subscriber_01.cpp.o] 错误 1
[7.075s] gmake[1]: *** [CMakeFiles/Makefile2:249：CMakeFiles/mix_subscriber_01.dir/all] 错误 2
[7.075s] gmake[1]: *** 正在等待未完成的任务....
[7.148s] [ 90%] Built target mix_publisher_01
[7.148s] gmake: *** [Makefile:146：all] 错误 2
[7.151s] Invoked command in '/home/qiu/rm_ws/build/pu_and_su_cpp' returned '2': CMAKE_PREFIX_PATH=${CMAKE_PREFIX_PATH}:/opt/ros/humble /usr/bin/cmake --build /home/qiu/rm_ws/build/pu_and_su_cpp -- -j4 -l4
