[0.057s] DEBUG:colcon:Command line arguments: ['/usr/bin/colcon', 'build']
[0.057s] DEBUG:colcon:Parsed command line arguments: Namespace(log_base=None, log_level=None, verb_name='build', build_base='build', install_base='install', merge_install=False, symlink_install=False, test_result_base=None, continue_on_error=False, executor='parallel', parallel_workers=4, event_handlers=None, ignore_user_meta=False, metas=['./colcon.meta'], base_paths=['.'], packages_ignore=None, packages_ignore_regex=None, paths=None, packages_up_to=None, packages_up_to_regex=None, packages_above=None, packages_above_and_dependencies=None, packages_above_depth=None, packages_select_by_dep=None, packages_skip_by_dep=None, packages_skip_up_to=None, packages_select_build_failed=False, packages_skip_build_finished=False, packages_select_test_failures=False, packages_skip_test_passed=False, packages_select=None, packages_skip=None, packages_select_regex=None, packages_skip_regex=None, packages_start=None, packages_end=None, allow_overriding=[], cmake_args=None, cmake_target=None, cmake_target_skip_unavailable=False, cmake_clean_cache=False, cmake_clean_first=False, cmake_force_configure=False, ament_cmake_args=None, catkin_cmake_args=None, catkin_skip_building_tests=False, verb_parser=<colcon_defaults.argument_parser.defaults.DefaultArgumentsDecorator object at 0x7f7d1ea1f310>, verb_extension=<colcon_core.verb.build.BuildVerb object at 0x7f7d1ea1e980>, main=<bound method BuildVerb.main of <colcon_core.verb.build.BuildVerb object at 0x7f7d1ea1e980>>)
[0.147s] Level 1:colcon.colcon_core.package_discovery:discover_packages(colcon_meta) check parameters
[0.147s] Level 1:colcon.colcon_core.package_discovery:discover_packages(recursive) check parameters
[0.147s] Level 1:colcon.colcon_core.package_discovery:discover_packages(ignore) check parameters
[0.147s] Level 1:colcon.colcon_core.package_discovery:discover_packages(path) check parameters
[0.147s] Level 1:colcon.colcon_core.package_discovery:discover_packages(colcon_meta) discover
[0.147s] Level 1:colcon.colcon_core.package_discovery:discover_packages(recursive) discover
[0.147s] INFO:colcon.colcon_core.package_discovery:Crawling recursively for packages in '/home/qiu/rm_ws'
[0.147s] Level 1:colcon.colcon_core.package_identification:_identify(.) by extensions ['ignore', 'ignore_ament_install']
[0.147s] Level 1:colcon.colcon_core.package_identification:_identify(.) by extension 'ignore'
[0.147s] Level 1:colcon.colcon_core.package_identification:_identify(.) by extension 'ignore_ament_install'
[0.147s] Level 1:colcon.colcon_core.package_identification:_identify(.) by extensions ['colcon_pkg']
[0.147s] Level 1:colcon.colcon_core.package_identification:_identify(.) by extension 'colcon_pkg'
[0.147s] Level 1:colcon.colcon_core.package_identification:_identify(.) by extensions ['colcon_meta']
[0.147s] Level 1:colcon.colcon_core.package_identification:_identify(.) by extension 'colcon_meta'
[0.147s] Level 1:colcon.colcon_core.package_identification:_identify(.) by extensions ['ros']
[0.147s] Level 1:colcon.colcon_core.package_identification:_identify(.) by extension 'ros'
[0.155s] Level 1:colcon.colcon_core.package_identification:_identify(.) by extensions ['cmake', 'python']
[0.155s] Level 1:colcon.colcon_core.package_identification:_identify(.) by extension 'cmake'
[0.155s] Level 1:colcon.colcon_core.package_identification:_identify(.) by extension 'python'
[0.155s] Level 1:colcon.colcon_core.package_identification:_identify(.) by extensions ['python_setup_py']
[0.155s] Level 1:colcon.colcon_core.package_identification:_identify(.) by extension 'python_setup_py'
[0.155s] Level 1:colcon.colcon_core.package_identification:_identify(build) by extensions ['ignore', 'ignore_ament_install']
[0.155s] Level 1:colcon.colcon_core.package_identification:_identify(build) by extension 'ignore'
[0.155s] Level 1:colcon.colcon_core.package_identification:_identify(build) ignored
[0.155s] Level 1:colcon.colcon_core.package_identification:_identify(install) by extensions ['ignore', 'ignore_ament_install']
[0.155s] Level 1:colcon.colcon_core.package_identification:_identify(install) by extension 'ignore'
[0.155s] Level 1:colcon.colcon_core.package_identification:_identify(install) ignored
[0.155s] Level 1:colcon.colcon_core.package_identification:_identify(log) by extensions ['ignore', 'ignore_ament_install']
[0.155s] Level 1:colcon.colcon_core.package_identification:_identify(log) by extension 'ignore'
[0.155s] Level 1:colcon.colcon_core.package_identification:_identify(log) ignored
[0.156s] Level 1:colcon.colcon_core.package_identification:_identify(src) by extensions ['ignore', 'ignore_ament_install']
[0.156s] Level 1:colcon.colcon_core.package_identification:_identify(src) by extension 'ignore'
[0.156s] Level 1:colcon.colcon_core.package_identification:_identify(src) by extension 'ignore_ament_install'
[0.156s] Level 1:colcon.colcon_core.package_identification:_identify(src) by extensions ['colcon_pkg']
[0.156s] Level 1:colcon.colcon_core.package_identification:_identify(src) by extension 'colcon_pkg'
[0.156s] Level 1:colcon.colcon_core.package_identification:_identify(src) by extensions ['colcon_meta']
[0.156s] Level 1:colcon.colcon_core.package_identification:_identify(src) by extension 'colcon_meta'
[0.156s] Level 1:colcon.colcon_core.package_identification:_identify(src) by extensions ['ros']
[0.156s] Level 1:colcon.colcon_core.package_identification:_identify(src) by extension 'ros'
[0.156s] Level 1:colcon.colcon_core.package_identification:_identify(src) by extensions ['cmake', 'python']
[0.156s] Level 1:colcon.colcon_core.package_identification:_identify(src) by extension 'cmake'
[0.156s] Level 1:colcon.colcon_core.package_identification:_identify(src) by extension 'python'
[0.156s] Level 1:colcon.colcon_core.package_identification:_identify(src) by extensions ['python_setup_py']
[0.156s] Level 1:colcon.colcon_core.package_identification:_identify(src) by extension 'python_setup_py'
[0.156s] Level 1:colcon.colcon_core.package_identification:_identify(src/pu_and_su_cpp) by extensions ['ignore', 'ignore_ament_install']
[0.156s] Level 1:colcon.colcon_core.package_identification:_identify(src/pu_and_su_cpp) by extension 'ignore'
[0.156s] Level 1:colcon.colcon_core.package_identification:_identify(src/pu_and_su_cpp) by extension 'ignore_ament_install'
[0.156s] Level 1:colcon.colcon_core.package_identification:_identify(src/pu_and_su_cpp) by extensions ['colcon_pkg']
[0.156s] Level 1:colcon.colcon_core.package_identification:_identify(src/pu_and_su_cpp) by extension 'colcon_pkg'
[0.156s] Level 1:colcon.colcon_core.package_identification:_identify(src/pu_and_su_cpp) by extensions ['colcon_meta']
[0.156s] Level 1:colcon.colcon_core.package_identification:_identify(src/pu_and_su_cpp) by extension 'colcon_meta'
[0.156s] Level 1:colcon.colcon_core.package_identification:_identify(src/pu_and_su_cpp) by extensions ['ros']
[0.156s] Level 1:colcon.colcon_core.package_identification:_identify(src/pu_and_su_cpp) by extension 'ros'
[0.158s] DEBUG:colcon.colcon_core.package_identification:Package 'src/pu_and_su_cpp' with type 'ros.ament_cmake' and name 'pu_and_su_cpp'
[0.158s] Level 1:colcon.colcon_core.package_discovery:discover_packages(recursive) using defaults
[0.158s] Level 1:colcon.colcon_core.package_discovery:discover_packages(ignore) discover
[0.158s] Level 1:colcon.colcon_core.package_discovery:discover_packages(ignore) using defaults
[0.158s] Level 1:colcon.colcon_core.package_discovery:discover_packages(path) discover
[0.158s] Level 1:colcon.colcon_core.package_discovery:discover_packages(path) using defaults
[0.172s] Level 1:colcon.colcon_core.package_discovery:discover_packages(prefix_path) check parameters
[0.172s] Level 1:colcon.colcon_core.package_discovery:discover_packages(prefix_path) discover
[0.173s] DEBUG:colcon.colcon_installed_package_information.package_discovery:Found 1 installed packages in /home/qiu/rm_ws/install
[0.174s] DEBUG:colcon.colcon_installed_package_information.package_discovery:Found 271 installed packages in /opt/ros/humble
[0.175s] Level 1:colcon.colcon_core.package_discovery:discover_packages(prefix_path) using defaults
[0.204s] Level 5:colcon.colcon_core.verb:set package 'pu_and_su_cpp' build argument 'cmake_args' from command line to 'None'
[0.205s] Level 5:colcon.colcon_core.verb:set package 'pu_and_su_cpp' build argument 'cmake_target' from command line to 'None'
[0.205s] Level 5:colcon.colcon_core.verb:set package 'pu_and_su_cpp' build argument 'cmake_target_skip_unavailable' from command line to 'False'
[0.205s] Level 5:colcon.colcon_core.verb:set package 'pu_and_su_cpp' build argument 'cmake_clean_cache' from command line to 'False'
[0.205s] Level 5:colcon.colcon_core.verb:set package 'pu_and_su_cpp' build argument 'cmake_clean_first' from command line to 'False'
[0.205s] Level 5:colcon.colcon_core.verb:set package 'pu_and_su_cpp' build argument 'cmake_force_configure' from command line to 'False'
[0.205s] Level 5:colcon.colcon_core.verb:set package 'pu_and_su_cpp' build argument 'ament_cmake_args' from command line to 'None'
[0.205s] Level 5:colcon.colcon_core.verb:set package 'pu_and_su_cpp' build argument 'catkin_cmake_args' from command line to 'None'
[0.205s] Level 5:colcon.colcon_core.verb:set package 'pu_and_su_cpp' build argument 'catkin_skip_building_tests' from command line to 'False'
[0.205s] DEBUG:colcon.colcon_core.verb:Building package 'pu_and_su_cpp' with the following arguments: {'ament_cmake_args': None, 'build_base': '/home/qiu/rm_ws/build/pu_and_su_cpp', 'catkin_cmake_args': None, 'catkin_skip_building_tests': False, 'cmake_args': None, 'cmake_clean_cache': False, 'cmake_clean_first': False, 'cmake_force_configure': False, 'cmake_target': None, 'cmake_target_skip_unavailable': False, 'install_base': '/home/qiu/rm_ws/install/pu_and_su_cpp', 'merge_install': False, 'path': '/home/qiu/rm_ws/src/pu_and_su_cpp', 'symlink_install': False, 'test_result_base': None}
[0.205s] INFO:colcon.colcon_core.executor:Executing jobs using 'parallel' executor
[0.206s] DEBUG:colcon.colcon_parallel_executor.executor.parallel:run_until_complete
[0.207s] INFO:colcon.colcon_ros.task.ament_cmake.build:Building ROS package in '/home/qiu/rm_ws/src/pu_and_su_cpp' with build type 'ament_cmake'
[0.207s] INFO:colcon.colcon_cmake.task.cmake.build:Building CMake package in '/home/qiu/rm_ws/src/pu_and_su_cpp'
[0.208s] INFO:colcon.colcon_core.plugin_system:Skipping extension 'colcon_core.shell.bat': Not used on non-Windows systems
[0.208s] INFO:colcon.colcon_core.shell:Skip shell extension 'powershell' for command environment: Not usable outside of PowerShell
[0.208s] DEBUG:colcon.colcon_core.shell:Skip shell extension 'dsv' for command environment
[0.218s] DEBUG:colcon.colcon_core.event_handler.log_command:Invoking command in '/home/qiu/rm_ws/build/pu_and_su_cpp': CMAKE_PREFIX_PATH=${CMAKE_PREFIX_PATH}:/opt/ros/humble /usr/bin/cmake --build /home/qiu/rm_ws/build/pu_and_su_cpp -- -j4 -l4
[7.357s] Level 1:colcon.colcon_core.environment:create_environment_scripts_only(pu_and_su_cpp)
[7.358s] DEBUG:colcon.colcon_core.event_handler.log_command:Invoked command in '/home/qiu/rm_ws/build/pu_and_su_cpp' returned '2': CMAKE_PREFIX_PATH=${CMAKE_PREFIX_PATH}:/opt/ros/humble /usr/bin/cmake --build /home/qiu/rm_ws/build/pu_and_su_cpp -- -j4 -l4
[7.359s] Level 1:colcon.colcon_core.environment:checking '/home/qiu/rm_ws/install/pu_and_su_cpp' for CMake module files
[7.360s] Level 1:colcon.colcon_core.environment:checking '/home/qiu/rm_ws/install/pu_and_su_cpp' for CMake config files
[7.360s] Level 1:colcon.colcon_core.shell:create_environment_hook('pu_and_su_cpp', 'cmake_prefix_path')
[7.360s] INFO:colcon.colcon_core.shell:Creating environment hook '/home/qiu/rm_ws/install/pu_and_su_cpp/share/pu_and_su_cpp/hook/cmake_prefix_path.ps1'
[7.361s] INFO:colcon.colcon_core.shell:Creating environment descriptor '/home/qiu/rm_ws/install/pu_and_su_cpp/share/pu_and_su_cpp/hook/cmake_prefix_path.dsv'
[7.361s] INFO:colcon.colcon_core.shell:Creating environment hook '/home/qiu/rm_ws/install/pu_and_su_cpp/share/pu_and_su_cpp/hook/cmake_prefix_path.sh'
[7.362s] Level 1:colcon.colcon_core.environment:checking '/home/qiu/rm_ws/install/pu_and_su_cpp/lib'
[7.362s] Level 1:colcon.colcon_core.environment:checking '/home/qiu/rm_ws/install/pu_and_su_cpp/bin'
[7.362s] Level 1:colcon.colcon_core.environment:checking '/home/qiu/rm_ws/install/pu_and_su_cpp/lib/pkgconfig/pu_and_su_cpp.pc'
[7.362s] Level 1:colcon.colcon_core.environment:checking '/home/qiu/rm_ws/install/pu_and_su_cpp/lib/python3.10/site-packages'
[7.362s] Level 1:colcon.colcon_core.environment:checking '/home/qiu/rm_ws/install/pu_and_su_cpp/bin'
[7.363s] INFO:colcon.colcon_core.shell:Creating package script '/home/qiu/rm_ws/install/pu_and_su_cpp/share/pu_and_su_cpp/package.ps1'
[7.363s] INFO:colcon.colcon_core.shell:Creating package descriptor '/home/qiu/rm_ws/install/pu_and_su_cpp/share/pu_and_su_cpp/package.dsv'
[7.364s] INFO:colcon.colcon_core.shell:Creating package script '/home/qiu/rm_ws/install/pu_and_su_cpp/share/pu_and_su_cpp/package.sh'
[7.364s] INFO:colcon.colcon_core.shell:Creating package script '/home/qiu/rm_ws/install/pu_and_su_cpp/share/pu_and_su_cpp/package.bash'
[7.365s] INFO:colcon.colcon_core.shell:Creating package script '/home/qiu/rm_ws/install/pu_and_su_cpp/share/pu_and_su_cpp/package.zsh'
[7.366s] Level 1:colcon.colcon_core.environment:create_file_with_runtime_dependencies(/home/qiu/rm_ws/install/pu_and_su_cpp/share/colcon-core/packages/pu_and_su_cpp)
[7.376s] DEBUG:colcon.colcon_parallel_executor.executor.parallel:closing loop
[7.377s] DEBUG:colcon.colcon_parallel_executor.executor.parallel:loop closed
[7.377s] DEBUG:colcon.colcon_parallel_executor.executor.parallel:run_until_complete finished with '2'
[7.377s] DEBUG:colcon.colcon_core.event_reactor:joining thread
[7.383s] INFO:colcon.colcon_core.plugin_system:Skipping extension 'colcon_notification.desktop_notification.terminal_notifier': Not used on non-Darwin systems
[7.383s] INFO:colcon.colcon_core.plugin_system:Skipping extension 'colcon_notification.desktop_notification.win32': Not used on non-Windows systems
[7.383s] INFO:colcon.colcon_notification.desktop_notification:Sending desktop notification using 'notify2'
[7.401s] DEBUG:colcon.colcon_core.event_reactor:joined thread
[7.401s] INFO:colcon.colcon_core.shell:Creating prefix script '/home/qiu/rm_ws/install/local_setup.ps1'
[7.402s] INFO:colcon.colcon_core.shell:Creating prefix util module '/home/qiu/rm_ws/install/_local_setup_util_ps1.py'
[7.405s] INFO:colcon.colcon_core.shell:Creating prefix chain script '/home/qiu/rm_ws/install/setup.ps1'
[7.406s] INFO:colcon.colcon_core.shell:Creating prefix script '/home/qiu/rm_ws/install/local_setup.sh'
[7.407s] INFO:colcon.colcon_core.shell:Creating prefix util module '/home/qiu/rm_ws/install/_local_setup_util_sh.py'
[7.408s] INFO:colcon.colcon_core.shell:Creating prefix chain script '/home/qiu/rm_ws/install/setup.sh'
[7.409s] INFO:colcon.colcon_core.shell:Creating prefix script '/home/qiu/rm_ws/install/local_setup.bash'
[7.409s] INFO:colcon.colcon_core.shell:Creating prefix chain script '/home/qiu/rm_ws/install/setup.bash'
[7.410s] INFO:colcon.colcon_core.shell:Creating prefix script '/home/qiu/rm_ws/install/local_setup.zsh'
[7.411s] INFO:colcon.colcon_core.shell:Creating prefix chain script '/home/qiu/rm_ws/install/setup.zsh'
