[0.011s] Invoking command in '/home/qiu/rm_ws/build/pu_and_su_cpp': CMAKE_PREFIX_PATH=${CMAKE_PREFIX_PATH}:/opt/ros/humble /usr/bin/cmake --build /home/qiu/rm_ws/build/pu_and_su_cpp -- -j4 -l4
[0.058s] [35m[1mConsolidate compiler generated dependencies of target mix_publisher_02[0m
[0.070s] [ 20%] Built target simple_publisher
[0.071s] [ 40%] Built target simple_subscriber
[0.074s] [ 60%] Built target mix_publisher_01
[0.078s] [ 80%] Built target mix_publisher_02
[0.097s] [ 90%] [32mBuilding CXX object CMakeFiles/mix_subscriber_01.dir/src/mix_subscriber_01.cpp.o[0m
[5.614s] [100%] [32m[1mLinking CXX executable mix_subscriber_01[0m
[5.873s] [100%] Built target mix_subscriber_01
[5.885s] Invoked command in '/home/qiu/rm_ws/build/pu_and_su_cpp' returned '0': CMAKE_PREFIX_PATH=${CMAKE_PREFIX_PATH}:/opt/ros/humble /usr/bin/cmake --build /home/qiu/rm_ws/build/pu_and_su_cpp -- -j4 -l4
[5.895s] Invoking command in '/home/qiu/rm_ws/build/pu_and_su_cpp': CMAKE_PREFIX_PATH=${CMAKE_PREFIX_PATH}:/opt/ros/humble /usr/bin/cmake --install /home/qiu/rm_ws/build/pu_and_su_cpp
[5.900s] -- Install configuration: ""
[5.900s] -- Up-to-date: /home/qiu/rm_ws/install/pu_and_su_cpp/share/ament_index/resource_index/package_run_dependencies/pu_and_su_cpp
[5.900s] -- Up-to-date: /home/qiu/rm_ws/install/pu_and_su_cpp/share/ament_index/resource_index/parent_prefix_path/pu_and_su_cpp
[5.900s] -- Up-to-date: /home/qiu/rm_ws/install/pu_and_su_cpp/share/pu_and_su_cpp/environment/ament_prefix_path.sh
[5.900s] -- Up-to-date: /home/qiu/rm_ws/install/pu_and_su_cpp/share/pu_and_su_cpp/environment/ament_prefix_path.dsv
[5.901s] -- Up-to-date: /home/qiu/rm_ws/install/pu_and_su_cpp/share/pu_and_su_cpp/environment/path.sh
[5.901s] -- Up-to-date: /home/qiu/rm_ws/install/pu_and_su_cpp/share/pu_and_su_cpp/environment/path.dsv
[5.901s] -- Up-to-date: /home/qiu/rm_ws/install/pu_and_su_cpp/share/pu_and_su_cpp/local_setup.bash
[5.901s] -- Up-to-date: /home/qiu/rm_ws/install/pu_and_su_cpp/share/pu_and_su_cpp/local_setup.sh
[5.901s] -- Up-to-date: /home/qiu/rm_ws/install/pu_and_su_cpp/share/pu_and_su_cpp/local_setup.zsh
[5.902s] -- Up-to-date: /home/qiu/rm_ws/install/pu_and_su_cpp/share/pu_and_su_cpp/local_setup.dsv
[5.902s] -- Installing: /home/qiu/rm_ws/install/pu_and_su_cpp/share/pu_and_su_cpp/package.dsv
[5.902s] -- Up-to-date: /home/qiu/rm_ws/install/pu_and_su_cpp/share/ament_index/resource_index/packages/pu_and_su_cpp
[5.902s] -- Up-to-date: /home/qiu/rm_ws/install/pu_and_su_cpp/share/pu_and_su_cpp/cmake/pu_and_su_cppConfig.cmake
[5.902s] -- Up-to-date: /home/qiu/rm_ws/install/pu_and_su_cpp/share/pu_and_su_cpp/cmake/pu_and_su_cppConfig-version.cmake
[5.903s] -- Up-to-date: /home/qiu/rm_ws/install/pu_and_su_cpp/share/pu_and_su_cpp/package.xml
[5.903s] -- Up-to-date: /home/qiu/rm_ws/install/pu_and_su_cpp/lib/pu_and_su_cpp/simple_publisher
[5.903s] -- Up-to-date: /home/qiu/rm_ws/install/pu_and_su_cpp/lib/pu_and_su_cpp/simple_subscriber
[5.904s] -- Up-to-date: /home/qiu/rm_ws/install/pu_and_su_cpp/lib/pu_and_su_cpp/mix_publisher_01
[5.904s] -- Up-to-date: /home/qiu/rm_ws/install/pu_and_su_cpp/lib/pu_and_su_cpp/mix_publisher_02
[5.904s] -- Installing: /home/qiu/rm_ws/install/pu_and_su_cpp/lib/pu_and_su_cpp/mix_subscriber_01
[5.905s] -- Set runtime path of "/home/qiu/rm_ws/install/pu_and_su_cpp/lib/pu_and_su_cpp/mix_subscriber_01" to ""
[5.906s] Invoked command in '/home/qiu/rm_ws/build/pu_and_su_cpp' returned '0': CMAKE_PREFIX_PATH=${CMAKE_PREFIX_PATH}:/opt/ros/humble /usr/bin/cmake --install /home/qiu/rm_ws/build/pu_and_su_cpp
