[35m[1mConsolidate compiler generated dependencies of target simple_subscriber[0m
[ 50%] Built target simple_publisher
[ 75%] [32mBuilding CXX object CMakeFiles/simple_subscriber.dir/src/simple_subscriber.cpp.o[0m
[01m[K/home/qiu/rm_ws/src/pu_and_su_cpp/src/simple_subscriber.cpp:[m[K In constructor ‘[01m[KSimpleSubscriber::SimpleSubscriber(std::string)[m[K’:
[01m[K/home/qiu/rm_ws/src/pu_and_su_cpp/src/simple_subscriber.cpp:10:55:[m[K [01;31m[Kerror: [m[Kno matching function for call to ‘[01m[KSimpleSubscriber::create_subscription(const char [11], int, std::_Bind_helper<false, void (SimpleSubscriber::*)(std::shared_ptr<std_msgs::msg::Int32_<std::allocator<void> > >), SimpleSubscriber*, const std::_Placeholder<1>&>::type)[m[K’
   10 |         command_subscriber = [01;31m[Kthis->create_subscription("subscriber",10,std::bind(&SimpleSubscriber::subscriber_callback,this,std::placeholders::_1))[m[K
      |                              [01;31m[K~~~~~~~~~~~~~~~~~~~~~~~~~^~~~~~~~~~~~~~~~~~~~~~~~~~~~~~~~~~~~~~~~~~~~~~~~~~~~~~~~~~~~~~~~~~~~~~~~~~~~~~~~~~~~~~~~~~~~~~[m[K
In file included from [01m[K/opt/ros/humble/include/rclcpp/rclcpp/executors/single_threaded_executor.hpp:28[m[K,
                 from [01m[K/opt/ros/humble/include/rclcpp/rclcpp/executors.hpp:22[m[K,
                 from [01m[K/opt/ros/humble/include/rclcpp/rclcpp/rclcpp.hpp:155[m[K,
                 from [01m[K/home/qiu/rm_ws/src/pu_and_su_cpp/src/simple_subscriber.cpp:1[m[K:
[01m[K/opt/ros/humble/include/rclcpp/rclcpp/node.hpp:219:3:[m[K [01;36m[Knote: [m[Kcandidate: ‘[01m[Ktemplate<class MessageT, class CallbackT, class AllocatorT, class SubscriptionT, class MessageMemoryStrategyT> std::shared_ptr<ROSMessageT> rclcpp::Node::create_subscription(const string&, const rclcpp::QoS&, CallbackT&&, const rclcpp::SubscriptionOptionsWithAllocator<AllocatorT>&, typename MessageMemoryStrategyT::SharedPtr)[m[K’
  219 |   [01;36m[Kcreate_subscription[m[K(
      |   [01;36m[K^~~~~~~~~~~~~~~~~~~[m[K
[01m[K/opt/ros/humble/include/rclcpp/rclcpp/node.hpp:219:3:[m[K [01;36m[Knote: [m[K  template argument deduction/substitution failed:
[01m[K/home/qiu/rm_ws/src/pu_and_su_cpp/src/simple_subscriber.cpp:10:55:[m[K [01;36m[Knote: [m[K  couldn’t deduce template parameter ‘[01m[KMessageT[m[K’
   10 |         command_subscriber = [01;36m[Kthis->create_subscription("subscriber",10,std::bind(&SimpleSubscriber::subscriber_callback,this,std::placeholders::_1))[m[K
      |                              [01;36m[K~~~~~~~~~~~~~~~~~~~~~~~~~^~~~~~~~~~~~~~~~~~~~~~~~~~~~~~~~~~~~~~~~~~~~~~~~~~~~~~~~~~~~~~~~~~~~~~~~~~~~~~~~~~~~~~~~~~~~~~[m[K
gmake[2]: *** [CMakeFiles/simple_subscriber.dir/build.make:76：CMakeFiles/simple_subscriber.dir/src/simple_subscriber.cpp.o] 错误 1
gmake[1]: *** [CMakeFiles/Makefile2:165：CMakeFiles/simple_subscriber.dir/all] 错误 2
gmake: *** [Makefile:146：all] 错误 2
