[0.010s] Invoking command in '/home/qiu/rm_ws/build/pu_and_su_cpp': CMAKE_PREFIX_PATH=${CMAKE_PREFIX_PATH}:/opt/ros/humble /usr/bin/cmake --build /home/qiu/rm_ws/build/pu_and_su_cpp -- -j4 -l4
[0.051s] [35m[1mConsolidate compiler generated dependencies of target simple_publisher[0m
[0.059s] [ 25%] [32mBuilding CXX object CMakeFiles/simple_subscriber.dir/src/simple_subscriber.cpp.o[0m
[0.066s] [ 75%] Built target simple_publisher
[1.900s] [01m[K/home/qiu/rm_ws/src/pu_and_su_cpp/src/simple_subscriber.cpp:7:33:[m[K [01;31m[Kerror: [m[Kexpected ‘[01m[K)[m[K’ before ‘[01m[Kname[m[K’
[1.900s]     7 |     SimpleSubscriber[34m[K([m[Kstd::String[01;31m[K [m[K[32m[Kname[m[K):Node(name)
[1.900s]       |                     [34m[K~[m[K           [01;31m[K^[m[K[32m[K~~~~[m[K
[1.900s]       |                                 [32m[K)[m[K
[1.930s] [01m[K/home/qiu/rm_ws/src/pu_and_su_cpp/src/simple_subscriber.cpp:[m[K In member function ‘[01m[Kvoid SimpleSubscriber::subscriber_callback(std_msgs::msg::Int32_<std::allocator<void> >::SharedPtr)[m[K’:
[1.930s] [01m[K/home/qiu/rm_ws/src/pu_and_su_cpp/src/simple_subscriber.cpp:20:20:[m[K [01;31m[Kerror: [m[K‘[01m[Kconst SharedPtr[m[K’ {aka ‘[01m[Kconst class std::shared_ptr<std_msgs::msg::Int32_<std::allocator<void> > >[m[K’} has no member named ‘[01m[Kdata[m[K’
[1.930s]    20 |         sum += msg.[01;31m[Kdata[m[K;
[1.930s]       |                    [01;31m[K^~~~[m[K
[2.208s] In file included from [01m[K/usr/include/x86_64-linux-gnu/c++/11/bits/c++allocator.h:33[m[K,
[2.208s]                  from [01m[K/usr/include/c++/11/bits/allocator.h:46[m[K,
[2.209s]                  from [01m[K/usr/include/c++/11/memory:64[m[K,
[2.209s]                  from [01m[K/opt/ros/humble/include/rclcpp/rclcpp/rclcpp.hpp:153[m[K,
[2.209s]                  from [01m[K/home/qiu/rm_ws/src/pu_and_su_cpp/src/simple_subscriber.cpp:1[m[K:
[2.209s] /usr/include/c++/11/ext/new_allocator.h: In instantiation of ‘[01m[Kvoid __gnu_cxx::new_allocator<_Tp>::construct(_Up*, _Args&& ...) [with _Up = SimpleSubscriber; _Args = {const char (&)[18]}; _Tp = SimpleSubscriber][m[K’:
[2.209s] [01m[K/usr/include/c++/11/bits/alloc_traits.h:516:17:[m[K   required from ‘[01m[Kstatic void std::allocator_traits<std::allocator<_Tp1> >::construct(std::allocator_traits<std::allocator<_Tp1> >::allocator_type&, _Up*, _Args&& ...) [with _Up = SimpleSubscriber; _Args = {const char (&)[18]}; _Tp = SimpleSubscriber; std::allocator_traits<std::allocator<_Tp1> >::allocator_type = std::allocator<SimpleSubscriber>][m[K’
[2.209s] [01m[K/usr/include/c++/11/bits/shared_ptr_base.h:519:39:[m[K   required from ‘[01m[Kstd::_Sp_counted_ptr_inplace<_Tp, _Alloc, _Lp>::_Sp_counted_ptr_inplace(_Alloc, _Args&& ...) [with _Args = {const char (&)[18]}; _Tp = SimpleSubscriber; _Alloc = std::allocator<SimpleSubscriber>; __gnu_cxx::_Lock_policy _Lp = __gnu_cxx::_S_atomic][m[K’
[2.209s] [01m[K/usr/include/c++/11/bits/shared_ptr_base.h:650:16:[m[K   required from ‘[01m[Kstd::__shared_count<_Lp>::__shared_count(_Tp*&, std::_Sp_alloc_shared_tag<_Alloc>, _Args&& ...) [with _Tp = SimpleSubscriber; _Alloc = std::allocator<SimpleSubscriber>; _Args = {const char (&)[18]}; __gnu_cxx::_Lock_policy _Lp = __gnu_cxx::_S_atomic][m[K’
[2.209s] [01m[K/usr/include/c++/11/bits/shared_ptr_base.h:1342:14:[m[K   required from ‘[01m[Kstd::__shared_ptr<_Tp, _Lp>::__shared_ptr(std::_Sp_alloc_shared_tag<_Tp>, _Args&& ...) [with _Alloc = std::allocator<SimpleSubscriber>; _Args = {const char (&)[18]}; _Tp = SimpleSubscriber; __gnu_cxx::_Lock_policy _Lp = __gnu_cxx::_S_atomic][m[K’
[2.209s] [01m[K/usr/include/c++/11/bits/shared_ptr.h:409:59:[m[K   required from ‘[01m[Kstd::shared_ptr<_Tp>::shared_ptr(std::_Sp_alloc_shared_tag<_Tp>, _Args&& ...) [with _Alloc = std::allocator<SimpleSubscriber>; _Args = {const char (&)[18]}; _Tp = SimpleSubscriber][m[K’
[2.209s] [01m[K/usr/include/c++/11/bits/shared_ptr.h:862:14:[m[K   required from ‘[01m[Kstd::shared_ptr<_Tp> std::allocate_shared(const _Alloc&, _Args&& ...) [with _Tp = SimpleSubscriber; _Alloc = std::allocator<SimpleSubscriber>; _Args = {const char (&)[18]}][m[K’
[2.209s] [01m[K/usr/include/c++/11/bits/shared_ptr.h:878:39:[m[K   required from ‘[01m[Kstd::shared_ptr<_Tp> std::make_shared(_Args&& ...) [with _Tp = SimpleSubscriber; _Args = {const char (&)[18]}][m[K’
[2.209s] [01m[K/home/qiu/rm_ws/src/pu_and_su_cpp/src/simple_subscriber.cpp:31:51:[m[K   required from here
[2.209s] [01m[K/usr/include/c++/11/ext/new_allocator.h:162:11:[m[K [01;31m[Kerror: [m[Kno matching function for call to ‘[01m[KSimpleSubscriber::SimpleSubscriber(const char [18])[m[K’
[2.209s]   162 |         { [01;31m[K::new((void *)__p) _Up(std::forward<_Args>(__args)...)[m[K; }
[2.209s]       |           [01;31m[K^~~~~~~~~~~~~~~~~~~~~~~~~~~~~~~~~~~~~~~~~~~~~~~~~~~~~~[m[K
[2.209s] [01m[K/home/qiu/rm_ws/src/pu_and_su_cpp/src/simple_subscriber.cpp:4:7:[m[K [01;36m[Knote: [m[Kcandidate: ‘[01m[KSimpleSubscriber::SimpleSubscriber()[m[K’ (deleted)
[2.209s]     4 | class [01;36m[KSimpleSubscriber[m[K:public rclcpp::Node
[2.209s]       |       [01;36m[K^~~~~~~~~~~~~~~~[m[K
[2.209s] [01m[K/home/qiu/rm_ws/src/pu_and_su_cpp/src/simple_subscriber.cpp:4:7:[m[K [01;36m[Knote: [m[K  candidate expects 0 arguments, 1 provided
[2.209s] [01m[K/home/qiu/rm_ws/src/pu_and_su_cpp/src/simple_subscriber.cpp:4:7:[m[K [01;36m[Knote: [m[Kcandidate: ‘[01m[KSimpleSubscriber::SimpleSubscriber(const SimpleSubscriber&)[m[K’ (deleted)
[2.209s] [01m[K/home/qiu/rm_ws/src/pu_and_su_cpp/src/simple_subscriber.cpp:4:7:[m[K [01;36m[Knote: [m[K  no known conversion for argument 1 from ‘[01m[Kconst char [18][m[K’ to ‘[01m[Kconst SimpleSubscriber&[m[K’
[2.209s] [01m[K/home/qiu/rm_ws/src/pu_and_su_cpp/src/simple_subscriber.cpp:4:7:[m[K [01;36m[Knote: [m[Kcandidate: ‘[01m[KSimpleSubscriber::SimpleSubscriber(SimpleSubscriber&&)[m[K’ (deleted)
[2.209s] [01m[K/home/qiu/rm_ws/src/pu_and_su_cpp/src/simple_subscriber.cpp:4:7:[m[K [01;36m[Knote: [m[K  no known conversion for argument 1 from ‘[01m[Kconst char [18][m[K’ to ‘[01m[KSimpleSubscriber&&[m[K’
[2.257s] gmake[2]: *** [CMakeFiles/simple_subscriber.dir/build.make:76：CMakeFiles/simple_subscriber.dir/src/simple_subscriber.cpp.o] 错误 1
[2.257s] gmake[1]: *** [CMakeFiles/Makefile2:165：CMakeFiles/simple_subscriber.dir/all] 错误 2
[2.257s] gmake: *** [Makefile:146：all] 错误 2
[2.260s] Invoked command in '/home/qiu/rm_ws/build/pu_and_su_cpp' returned '2': CMAKE_PREFIX_PATH=${CMAKE_PREFIX_PATH}:/opt/ros/humble /usr/bin/cmake --build /home/qiu/rm_ws/build/pu_and_su_cpp -- -j4 -l4
