[0.010s] Invoking command in '/home/qiu/rm_ws/build/pu_and_su_cpp': CMAKE_PREFIX_PATH=${CMAKE_PREFIX_PATH}:/opt/ros/humble /usr/bin/cmake --build /home/qiu/rm_ws/build/pu_and_su_cpp -- -j4 -l4
[0.059s] [ 20%] Built target simple_subscriber
[0.060s] [ 40%] Built target simple_publisher
[0.061s] [ 60%] Built target mix_publisher_01
[0.065s] [ 70%] [32mBuilding CXX object CMakeFiles/mix_publisher_02.dir/src/mix_publisher_02.cpp.o[0m
[0.071s] [35m[1mConsolidate compiler generated dependencies of target mix_subscriber_01[0m
[0.091s] [ 90%] Built target mix_subscriber_01
[2.949s] [100%] [32m[1mLinking CXX executable mix_publisher_02[0m
[3.084s] [100%] Built target mix_publisher_02
[3.095s] Invoked command in '/home/qiu/rm_ws/build/pu_and_su_cpp' returned '0': CMAKE_PREFIX_PATH=${CMAKE_PREFIX_PATH}:/opt/ros/humble /usr/bin/cmake --build /home/qiu/rm_ws/build/pu_and_su_cpp -- -j4 -l4
[3.103s] Invoking command in '/home/qiu/rm_ws/build/pu_and_su_cpp': CMAKE_PREFIX_PATH=${CMAKE_PREFIX_PATH}:/opt/ros/humble /usr/bin/cmake --install /home/qiu/rm_ws/build/pu_and_su_cpp
[3.111s] -- Install configuration: ""
[3.111s] -- Up-to-date: /home/qiu/rm_ws/install/pu_and_su_cpp/share/ament_index/resource_index/package_run_dependencies/pu_and_su_cpp
[3.111s] -- Up-to-date: /home/qiu/rm_ws/install/pu_and_su_cpp/share/ament_index/resource_index/parent_prefix_path/pu_and_su_cpp
[3.111s] -- Up-to-date: /home/qiu/rm_ws/install/pu_and_su_cpp/share/pu_and_su_cpp/environment/ament_prefix_path.sh
[3.111s] -- Up-to-date: /home/qiu/rm_ws/install/pu_and_su_cpp/share/pu_and_su_cpp/environment/ament_prefix_path.dsv
[3.111s] -- Up-to-date: /home/qiu/rm_ws/install/pu_and_su_cpp/share/pu_and_su_cpp/environment/path.sh
[3.111s] -- Up-to-date: /home/qiu/rm_ws/install/pu_and_su_cpp/share/pu_and_su_cpp/environment/path.dsv
[3.111s] -- Up-to-date: /home/qiu/rm_ws/install/pu_and_su_cpp/share/pu_and_su_cpp/local_setup.bash
[3.111s] -- Up-to-date: /home/qiu/rm_ws/install/pu_and_su_cpp/share/pu_and_su_cpp/local_setup.sh
[3.111s] -- Up-to-date: /home/qiu/rm_ws/install/pu_and_su_cpp/share/pu_and_su_cpp/local_setup.zsh
[3.111s] -- Up-to-date: /home/qiu/rm_ws/install/pu_and_su_cpp/share/pu_and_su_cpp/local_setup.dsv
[3.111s] -- Installing: /home/qiu/rm_ws/install/pu_and_su_cpp/share/pu_and_su_cpp/package.dsv
[3.111s] -- Up-to-date: /home/qiu/rm_ws/install/pu_and_su_cpp/share/ament_index/resource_index/packages/pu_and_su_cpp
[3.111s] -- Up-to-date: /home/qiu/rm_ws/install/pu_and_su_cpp/share/pu_and_su_cpp/cmake/pu_and_su_cppConfig.cmake
[3.111s] -- Up-to-date: /home/qiu/rm_ws/install/pu_and_su_cpp/share/pu_and_su_cpp/cmake/pu_and_su_cppConfig-version.cmake
[3.112s] -- Up-to-date: /home/qiu/rm_ws/install/pu_and_su_cpp/share/pu_and_su_cpp/package.xml
[3.112s] -- Up-to-date: /home/qiu/rm_ws/install/pu_and_su_cpp/lib/pu_and_su_cpp/simple_publisher
[3.112s] -- Up-to-date: /home/qiu/rm_ws/install/pu_and_su_cpp/lib/pu_and_su_cpp/simple_subscriber
[3.112s] -- Up-to-date: /home/qiu/rm_ws/install/pu_and_su_cpp/lib/pu_and_su_cpp/mix_publisher_01
[3.112s] -- Installing: /home/qiu/rm_ws/install/pu_and_su_cpp/lib/pu_and_su_cpp/mix_publisher_02
[3.113s] -- Set runtime path of "/home/qiu/rm_ws/install/pu_and_su_cpp/lib/pu_and_su_cpp/mix_publisher_02" to ""
[3.113s] -- Up-to-date: /home/qiu/rm_ws/install/pu_and_su_cpp/lib/pu_and_su_cpp/mix_subscriber_01
[3.113s] Invoked command in '/home/qiu/rm_ws/build/pu_and_su_cpp' returned '0': CMAKE_PREFIX_PATH=${CMAKE_PREFIX_PATH}:/opt/ros/humble /usr/bin/cmake --install /home/qiu/rm_ws/build/pu_and_su_cpp
